<?xml version="1.0" encoding="UTF-8"?>
<robot generator="Robot 4.1.2 (Python 3.9.6 on win32)" generated="20211130 11:57:29.909" rpa="false" schemaversion="2">
<suite id="s1" name="TestSearchAPI" source="C:\Users\LENOVO\skillacademy\Tests\SkillAcademy\API\TestSearchAPI.robot">
<test id="s1-t1" name="Verify GET courses with with specific page &amp; page size">
<kw name="GET" library="REST">
<arg>/skillacademy/discovery/search?page=${page}&amp;pageSize=${pageSize}</arg>
<tag>http</tag>
<doc>*Sends a GET request to the endpoint.*</doc>
<status status="PASS" starttime="20211130 11:57:30.847" endtime="20211130 11:57:31.131"/>
</kw>
<kw name="String" library="REST">
<arg>response body status</arg>
<arg>success</arg>
<tag>assertions</tag>
<doc>*Asserts the field as JSON string.*</doc>
<status status="PASS" starttime="20211130 11:57:31.131" endtime="20211130 11:57:31.135"/>
</kw>
<kw name="String" library="REST">
<arg>response body message</arg>
<arg>success</arg>
<tag>assertions</tag>
<doc>*Asserts the field as JSON string.*</doc>
<status status="PASS" starttime="20211130 11:57:31.139" endtime="20211130 11:57:31.143"/>
</kw>
<kw name="Integer" library="REST">
<arg>response body data page</arg>
<arg>${page}</arg>
<tag>assertions</tag>
<doc>*Asserts the field as JSON integer.*</doc>
<status status="PASS" starttime="20211130 11:57:31.144" endtime="20211130 11:57:31.145"/>
</kw>
<kw name="Integer" library="REST">
<arg>response body data pageSize</arg>
<arg>${pageSize}</arg>
<tag>assertions</tag>
<doc>*Asserts the field as JSON integer.*</doc>
<status status="PASS" starttime="20211130 11:57:31.145" endtime="20211130 11:57:31.151"/>
</kw>
<kw name="Array" library="REST">
<arg>response body data data</arg>
<tag>assertions</tag>
<doc>*Asserts the field as JSON array.*</doc>
<status status="PASS" starttime="20211130 11:57:31.151" endtime="20211130 11:57:31.176"/>
</kw>
<kw name="Output Schema" library="REST" type="TEARDOWN">
<tag>I/O</tag>
<doc>*Outputs JSON Schema to terminal or a file.*</doc>
<msg timestamp="20211130 11:57:31.180" level="INFO">
{
    "$schema": "http://json-schema.org/draft-07/schema#",
    "title": "GET https://skillacademy.com/skillacademy/discovery/search",
    "description": "TestSearchAPI: Verify GET courses with with specific page &amp; page size",
    "default": true,
    "examples": [],
    "type": "object",
    "properties": {
        "request": {
            "type": "object",
            "properties": {
                "body": {
                    "type": "null"
                },
                "query": {
                    "type": "object",
                    "properties": {
                        "page": {
                            "type": "string"
                        },
                        "pageSize": {
                            "type": "string"
                        }
                    },
                    "required": [
                        "page",
                        "pageSize"
                    ]
                }
            }
        },
        "response": {
            "type": "object",
            "properties": {
                "body": {
                    "type": "object",
                    "properties": {
                        "data": {
                            "type": "object",
                            "properties": {
                                "data": {
                                    "type": "array",
                                    "items": {
                                        "type": "object",
                                        "properties": {
                                            "basePrice": {
                                                "type": "integer"
                                            },
                                            "categories": {
                                                "type": "array"
                                            },
                                            "courseDescription": {
                                                "type": "string"
                                            },
                                            "courseName": {
                                                "type": "string"
                                            },
                                            "courseSerial": {
                                                "type": "string"
                                            },
                                            "createdAt": {
                                                "type": "string"
                                            },
                                            "imageUrl": {
                                                "type": "string"
                                            },
                                            "instructors": {
                                                "type": "array",
                                                "items": {
                                                    "type": "object",
                                                    "properties": {
                                                        "description": {
                                                            "type": "string"
                                                        },
                                                        "jobTitle": {
                                                            "type": "string"
                                                        },
                                                        "name": {
                                                            "type": "string"
                                                        },
                                                        "profilePicture": {
                                                            "type": "string"
                                                        }
                                                    },
                                                    "required": [
                                                        "description",
                                                        "jobTitle",
                                                        "name",
                                                        "profilePicture"
                                                    ]
                                                }
                                            },
                                            "introductionVideoThumbnailURL": {
                                                "type": "string"
                                            },
                                            "introductionVideoURL": {
                                                "type": "string"
                                            },
                                            "isSubscribed": {
                                                "type": "boolean"
                                            },
                                            "location": {
                                                "type": "array",
                                                "items": {
                                                    "type": "string"
                                                }
                                            },
                                            "marketType": {
                                                "type": "string"
                                            },
                                            "merchantSerial": {
                                                "type": "string"
                                            },
                                            "price": {
                                                "type": "integer"
                                            },
                                            "rating": {
                                                "type": "integer"
                                            },
                                            "slug": {
                                                "type": "string"
                                            },
                                            "tags": {
                                                "type": "array"
                                            },
                                            "totalRating": {
                                                "type": "integer"
                                            },
                                            "transactional": {
                                                "type": "string"
                                            },
                                            "updatedAt": {
                                                "type": "string"
                                            }
                                        },
                                        "required": [
                                            "basePrice",
                                            "categories",
                                            "courseDescription",
                                            "courseName",
                                            "courseSerial",
                                            "createdAt",
                                            "imageUrl",
                                            "instructors",
                                            "introductionVideoThumbnailURL",
                                            "introductionVideoURL",
                                            "isSubscribed",
                                            "location",
                                            "marketType",
                                            "merchantSerial",
                                            "price",
                                            "rating",
                                            "slug",
                                            "tags",
                                            "totalRating",
                                            "transactional",
                                            "updatedAt"
                                        ]
                                    },
                                    "default": [
                                        {
                                            "basePrice": 300000,
                                            "categories": [],
                                            "courseDescription": "Proses check In dan check out sebuah hotel merupakan materi yang sangat penting sebagai seorang frontliner. Front office / Kantor depan adalah wajah hotel yang pertama kali memberikan kesan hangat bagi tamu-tamunya, begitu juga kesan terakhir yang mampu untuk tamu mendatangkan kembali tamu serta anak keluarganya. &lt;br&gt;&lt;br&gt; &lt;b&gt; PERHATIAN &lt;/b&gt; &lt;br&gt; 1. Jika terjadi kesalahan dalam pembelian, pihak Skill Academy tidak melayani pengembalian dana (refund) dengan alasan apapun &lt;br&gt; 2. Sebelum membeli, harap baca deskripsi program dengan saksama, khususnya jadwal pelatihan &lt;br&gt; 3. Program pelatihan yang dibeli menggunakan Kartu Prakerja tidak dapat dipindahtangankan. Jika terjadi hal tersebut, pihak penyelenggara pelatihan berhak untuk tidak memberikan sertifikat &lt;br&gt; 4. Khusus untuk pengguna Kartu Prakerja, pastikan nama, alamat email, dan nomor HP yang terdaftar di Skill Academy sesuai dengan data Prakerja Anda. &lt;br&gt;&lt;br&gt; &lt;b&gt;Cara Redeem Voucher:&lt;/b&gt; &lt;br&gt; 1. Setelah selesai melakukan pembelian, kunjungi halaman \"Kelas Saya\" untuk melihat kode voucher kamu. &lt;br&gt; 2. Lalu setelah itu, daftarkan diri kamu dan masukkan kode voucher di form yang telah disediakan &lt;br&gt; 2. Tim MyEduSolve akan menghubungi kamu untuk pelaksanaan kelas.",
                                            "courseName": "Webinar: Perhotelan: Cara menghandle prosedur check in dan check out",
                                            "courseSerial": "PROG-C798TBXW",
                                            "createdAt": "2020-07-17 06:21:18.919288 +0000 UTC",
                                            "imageUrl": "https://skillacademy-prod.s3.ap-southeast-1.amazonaws.com/offline-marketplace/MyEduSolve_Image.jpg",
                                            "instructors": [
                                                {
                                                    "description": "MyEduSolve is an edu-tech company focused on transforming Indonesia workforce through digital literacy. We offer a range of products which includes internationally recognized certifications, course preparations and digital literacy training.",
                                                    "jobTitle": "",
                                                    "name": "MyEduSolve",
                                                    "profilePicture": "https://skillacademy-prod-image.skillacademy.com/offline-marketplace/Icon+MyEduSolve.png"
                                                }
                                            ],
                                            "introductionVideoThumbnailURL": "https://skillacademy-prod.s3.ap-southeast-1.amazonaws.com/offline-marketplace/Check_in_Hotel.jpg",
                                            "introductionVideoURL": "https://skillacademy-prod.s3.ap-southeast-1.amazonaws.com/offline-marketplace/Check_in_Hotel_Large.jpg",
                                            "isSubscribed": false,
                                            "location": [
                                                "DKI JAKARTA",
                                                "KOTA JAKARTA BARAT"
                                            ],
                                            "marketType": "OFFLINE",
                                            "merchantSerial": "MERC-VLIIJTKR",
                                            "price": 300000,
                                            "rating": 0,
                                            "slug": "webinar-perhotelan-cara-menghandle-prosedur-check-in-dan-check-out",
                                            "tags": [],
                                            "totalRating": 0,
                                            "transactional": "TRANSACTIONABLE_YES",
                                            "updatedAt": "2020-07-20 13:37:53.439155 +0000 UTC"
                                        },
                                        {
                                            "basePrice": 250000,
                                            "categories": [],
                                            "courseDescription": "Jadwal: Sabtu, 1 Agustus 2020 &lt;br&gt; Pukul: 13.00 WIB -15.00 WIB &lt;br&gt; Platform: Zoom &lt;br&gt; Pemasaran adalah bidang yang pasti ada disetiap perusahaan.  Salah satu tugas pemasaran adalah membuat propopal produk untuk calon customer yaitu Perusahaan Pemerintah dan Swasta, ataupun perorangan.  Pelatihan ini adalah cara lain dalam membuat proposal dengan menggunakan Ms Power Point yang akan menjadi proposal maut, khususnya di era digital saat ini yang serba cepat, mudah, dan INDAH.  Pelatihan ini akan menjadi jawaban kebutuhan proposal kekinian.&lt;br&gt; &lt;br&gt; &lt;br&gt; PERHATIAN &lt;/b&gt; &lt;br&gt; 1. Jika terjadi kesalahan dalam pembelian, pihak Skill Academy tidak melayani pengembalian dana (refund) dengan alasan apapun, &lt;br&gt; 2. Sebelum membeli, harap baca deskripsi program dengan saksama, khususnya jadwal pelatihan, &lt;br&gt; 3. Program pelatihan yang dibeli menggunakan Kartu Prakerja tidak dapat dipindahtangankan. Jika terjadi hal tersebut, pihak penyelengara pelatihan berhak untuk tidak memberikan sertifikat, &lt;br&gt; 4. Khusus untuk kamu pengguna Kartu Prakerja, pastikan nama, alamat email, dan nomor HP yang kamu daftarkan di Skill Academy sesuai dengan data Prakerja kamu. &lt;br&gt; &lt;br&gt; &lt;b&gt; Cara Redeem Voucher &lt;/b&gt; 1. Setelah selesai melakukan pembelian, kunjungi halaman \"Kelas Saya\" untuk melihat kode voucher Kamu, &lt;br&gt;  2. Setelah melakukan transaksi, daftarkan diri Anda dan masukkan kode voucher &lt;br&gt; 3. Tim ITECH akan menghubungi Anda untuk pelaksanaan kelas",
                                            "courseName": "Webinar: Cara membuat Proposal Maut dengan Ms Power Point",
                                            "courseSerial": "PROG-EQXWISFD",
                                            "createdAt": "2020-05-20 13:19:15.6066 +0000 UTC",
                                            "imageUrl": "https://skillacademy-prod.s3.ap-southeast-1.amazonaws.com/offline-marketplace/ITECH_Background.jpg",
                                            "instructors": [
                                                {
                                                    "description": "ITECH adalah Lembaga Pelatihan Komputer dan Bisnis Digital, fokus pada pembelajaran berbasis Digital sejak Tahun 2010 di Kota Metro - Lampung, menjadi Juara 1 Nasional tahun 2019 sebagai Lembaga Kursus terbaik.  ITECH sudah melaksanakan kelas ONLINE sejak tahun 2018 melalui platform www.kursusdaring.kemendikbud.go.id, dengan jurusan DIGITAL Marketing, Youtuber, Game Developer, Android Programming.",
                                                    "jobTitle": "",
                                                    "name": "Indonesian Technology (ITech)",
                                                    "profilePicture": "https://skillacademy-prod.s3.ap-southeast-1.amazonaws.com/offline-marketplace/ITECH_icon.png"
                                                }
                                            ],
                                            "introductionVideoThumbnailURL": "https://skillacademy-prod.s3.ap-southeast-1.amazonaws.com/offline-marketplace/ITECH_small.jpg",
                                            "introductionVideoURL": "https://skillacademy-prod.s3.ap-southeast-1.amazonaws.com/offline-marketplace/ITECH_Large.jpg",
                                            "isSubscribed": false,
                                            "location": [
                                                "DKI JAKARTA",
                                                "KOTA JAKARTA PUSAT"
                                            ],
                                            "marketType": "OFFLINE",
                                            "merchantSerial": "MERC-WGL1QT6D",
                                            "price": 250000,
                                            "rating": 0,
                                            "slug": "webinar-cara-membuat-proposal-maut-dengan-ms-power-point",
                                            "tags": [],
                                            "totalRating": 0,
                                            "transactional": "TRANSACTIONABLE_YES",
                                            "updatedAt": "2020-07-29 06:39:26.009254 +0000 UTC"
                                        },
                                        {
                                            "basePrice": 450000,
                                            "categories": [],
                                            "courseDescription": "Jadwal: Kamis, 13 Agustus 2020 &lt;br&gt; Pukul: 09.00 - 11.00 WIB &lt;br&gt; Platform: Zoom &lt;br&gt; Pentingnya desain grafis dalam pekerjaan telah menarik minat dan perhatian masyarakat. Sudah banyak sekali orang yang memilih profesi designer sebagai salah satu pekerjaan yang cukup menjanjikan. Kemampuan dalam bidang desain khususnya corel draw memang memberikan keuntungan serta peluang yang besar. Disini peserta akan belajar membuat desain logo, sticker, banner, desain kemasan/packaging, desain denah lokasi, undangan pernikahan, kartu nama, pamflet serta desain kaos.&lt;br&gt; &lt;br&gt; &lt;b&gt; PERHATIAN &lt;/b&gt; &lt;br&gt; 1. Jika terjadi kesalahan dalam pembelian, pihak Skill Academy tidak melayani pengembalian dana (refund) dengan alasan apapun, &lt;br&gt; 2. Sebelum membeli, harap baca deskripsi program dengan saksama, khususnya jadwal pelatihan, &lt;br&gt; 3. Program pelatihan yang dibeli menggunakan Kartu Prakerja tidak dapat dipindahtangankan. Jika terjadi hal tersebut, pihak penyelenggara pelatihan berhak untuk tidak memberikan sertifikat, &lt;br&gt; 4. Khusus untuk kamu pengguna Kartu Prakerja, pastikan nama, alamat email, dan nomor HP yang kamu daftarkan di Skill Academy sesuai dengan data Prakerja kamu. &lt;br&gt; &lt;br&gt; &lt;b&gt; Cara Redeem Voucher &lt;/b&gt; &lt;br&gt; 1. Setelah selesai melakukan pembelian, kunjungi halaman \"Kelas Saya\" untuk melihat kode voucher Kamu, &lt;br&gt; 2.Setelah melakukan transaksi, daftarkan diri Anda dan masukkan kode voucher &lt;br&gt; 3. Tim YP FITRI AL BAASITU akan menghubungi Anda untuk pelaksanaan kelas",
                                            "courseName": "Webinar: Mahir Desain Grafis Dengan Corel Draw",
                                            "courseSerial": "PROG-K7P05U0Y",
                                            "createdAt": "2020-06-03 06:59:45.616478 +0000 UTC",
                                            "imageUrl": "https://skillacademy-prod.s3.ap-southeast-1.amazonaws.com/offline-marketplace/YP_Fitri_Al_Baasitu_Background.jpg",
                                            "instructors": [
                                                {
                                                    "description": "YP Fitri Al-Baasitu merupakan lembaga kursus komputer (IT) yang berdiri sejak November 2017 oleh orang – orang yang berpengalaman di bidang teknologi informasi. Dengan totalitas dan profesionalisme kerja, kami yakin mampu memberikan pelayanan yang optimal dan pengajaran yang berkualitas sehingga mampu membantu masyarakat dalam mengakses pendidikan yang lebih baik.",
                                                    "jobTitle": "",
                                                    "name": "YP FITRI AL BAASITU",
                                                    "profilePicture": "https://skillacademy-prod.s3.ap-southeast-1.amazonaws.com/offline-marketplace/Fitri_Al_Baasitu_Icon.png"
                                                }
                                            ],
                                            "introductionVideoThumbnailURL": "https://skillacademy-prod.s3.ap-southeast-1.amazonaws.com/offline-marketplace/Wahana_Tama_small.jpg",
                                            "introductionVideoURL": "https://skillacademy-prod.s3.ap-southeast-1.amazonaws.com/offline-marketplace/YP_Fitri_Al_Baasitu_Large.jpg",
                                            "isSubscribed": false,
                                            "location": [
                                                "DKI JAKARTA",
                                                "KOTA JAKARTA PUSAT"
                                            ],
                                            "marketType": "OFFLINE",
                                            "merchantSerial": "MERC-LCWSRGGW",
                                            "price": 450000,
                                            "rating": 0,
                                            "slug": "webinar-mahir-desain-grafis-dengan-corel-draw",
                                            "tags": [],
                                            "totalRating": 0,
                                            "transactional": "TRANSACTIONABLE_YES",
                                            "updatedAt": "2020-07-23 07:37:21.403217 +0000 UTC"
                                        }
                                    ],
                                    "examples": [
                                        [
                                            {
                                                "basePrice": 300000,
                                                "categories": [],
                                                "courseDescription": "Proses check In dan check out sebuah hotel merupakan materi yang sangat penting sebagai seorang frontliner. Front office / Kantor depan adalah wajah hotel yang pertama kali memberikan kesan hangat bagi tamu-tamunya, begitu juga kesan terakhir yang mampu untuk tamu mendatangkan kembali tamu serta anak keluarganya. &lt;br&gt;&lt;br&gt; &lt;b&gt; PERHATIAN &lt;/b&gt; &lt;br&gt; 1. Jika terjadi kesalahan dalam pembelian, pihak Skill Academy tidak melayani pengembalian dana (refund) dengan alasan apapun &lt;br&gt; 2. Sebelum membeli, harap baca deskripsi program dengan saksama, khususnya jadwal pelatihan &lt;br&gt; 3. Program pelatihan yang dibeli menggunakan Kartu Prakerja tidak dapat dipindahtangankan. Jika terjadi hal tersebut, pihak penyelenggara pelatihan berhak untuk tidak memberikan sertifikat &lt;br&gt; 4. Khusus untuk pengguna Kartu Prakerja, pastikan nama, alamat email, dan nomor HP yang terdaftar di Skill Academy sesuai dengan data Prakerja Anda. &lt;br&gt;&lt;br&gt; &lt;b&gt;Cara Redeem Voucher:&lt;/b&gt; &lt;br&gt; 1. Setelah selesai melakukan pembelian, kunjungi halaman \"Kelas Saya\" untuk melihat kode voucher kamu. &lt;br&gt; 2. Lalu setelah itu, daftarkan diri kamu dan masukkan kode voucher di form yang telah disediakan &lt;br&gt; 2. Tim MyEduSolve akan menghubungi kamu untuk pelaksanaan kelas.",
                                                "courseName": "Webinar: Perhotelan: Cara menghandle prosedur check in dan check out",
                                                "courseSerial": "PROG-C798TBXW",
                                                "createdAt": "2020-07-17 06:21:18.919288 +0000 UTC",
                                                "imageUrl": "https://skillacademy-prod.s3.ap-southeast-1.amazonaws.com/offline-marketplace/MyEduSolve_Image.jpg",
                                                "instructors": [
                                                    {
                                                        "description": "MyEduSolve is an edu-tech company focused on transforming Indonesia workforce through digital literacy. We offer a range of products which includes internationally recognized certifications, course preparations and digital literacy training.",
                                                        "jobTitle": "",
                                                        "name": "MyEduSolve",
                                                        "profilePicture": "https://skillacademy-prod-image.skillacademy.com/offline-marketplace/Icon+MyEduSolve.png"
                                                    }
                                                ],
                                                "introductionVideoThumbnailURL": "https://skillacademy-prod.s3.ap-southeast-1.amazonaws.com/offline-marketplace/Check_in_Hotel.jpg",
                                                "introductionVideoURL": "https://skillacademy-prod.s3.ap-southeast-1.amazonaws.com/offline-marketplace/Check_in_Hotel_Large.jpg",
                                                "isSubscribed": false,
                                                "location": [
                                                    "DKI JAKARTA",
                                                    "KOTA JAKARTA BARAT"
                                                ],
                                                "marketType": "OFFLINE",
                                                "merchantSerial": "MERC-VLIIJTKR",
                                                "price": 300000,
                                                "rating": 0,
                                                "slug": "webinar-perhotelan-cara-menghandle-prosedur-check-in-dan-check-out",
                                                "tags": [],
                                                "totalRating": 0,
                                                "transactional": "TRANSACTIONABLE_YES",
                                                "updatedAt": "2020-07-20 13:37:53.439155 +0000 UTC"
                                            },
                                            {
                                                "basePrice": 250000,
                                                "categories": [],
                                                "courseDescription": "Jadwal: Sabtu, 1 Agustus 2020 &lt;br&gt; Pukul: 13.00 WIB -15.00 WIB &lt;br&gt; Platform: Zoom &lt;br&gt; Pemasaran adalah bidang yang pasti ada disetiap perusahaan.  Salah satu tugas pemasaran adalah membuat propopal produk untuk calon customer yaitu Perusahaan Pemerintah dan Swasta, ataupun perorangan.  Pelatihan ini adalah cara lain dalam membuat proposal dengan menggunakan Ms Power Point yang akan menjadi proposal maut, khususnya di era digital saat ini yang serba cepat, mudah, dan INDAH.  Pelatihan ini akan menjadi jawaban kebutuhan proposal kekinian.&lt;br&gt; &lt;br&gt; &lt;br&gt; PERHATIAN &lt;/b&gt; &lt;br&gt; 1. Jika terjadi kesalahan dalam pembelian, pihak Skill Academy tidak melayani pengembalian dana (refund) dengan alasan apapun, &lt;br&gt; 2. Sebelum membeli, harap baca deskripsi program dengan saksama, khususnya jadwal pelatihan, &lt;br&gt; 3. Program pelatihan yang dibeli menggunakan Kartu Prakerja tidak dapat dipindahtangankan. Jika terjadi hal tersebut, pihak penyelengara pelatihan berhak untuk tidak memberikan sertifikat, &lt;br&gt; 4. Khusus untuk kamu pengguna Kartu Prakerja, pastikan nama, alamat email, dan nomor HP yang kamu daftarkan di Skill Academy sesuai dengan data Prakerja kamu. &lt;br&gt; &lt;br&gt; &lt;b&gt; Cara Redeem Voucher &lt;/b&gt; 1. Setelah selesai melakukan pembelian, kunjungi halaman \"Kelas Saya\" untuk melihat kode voucher Kamu, &lt;br&gt;  2. Setelah melakukan transaksi, daftarkan diri Anda dan masukkan kode voucher &lt;br&gt; 3. Tim ITECH akan menghubungi Anda untuk pelaksanaan kelas",
                                                "courseName": "Webinar: Cara membuat Proposal Maut dengan Ms Power Point",
                                                "courseSerial": "PROG-EQXWISFD",
                                                "createdAt": "2020-05-20 13:19:15.6066 +0000 UTC",
                                                "imageUrl": "https://skillacademy-prod.s3.ap-southeast-1.amazonaws.com/offline-marketplace/ITECH_Background.jpg",
                                                "instructors": [
                                                    {
                                                        "description": "ITECH adalah Lembaga Pelatihan Komputer dan Bisnis Digital, fokus pada pembelajaran berbasis Digital sejak Tahun 2010 di Kota Metro - Lampung, menjadi Juara 1 Nasional tahun 2019 sebagai Lembaga Kursus terbaik.  ITECH sudah melaksanakan kelas ONLINE sejak tahun 2018 melalui platform www.kursusdaring.kemendikbud.go.id, dengan jurusan DIGITAL Marketing, Youtuber, Game Developer, Android Programming.",
                                                        "jobTitle": "",
                                                        "name": "Indonesian Technology (ITech)",
                                                        "profilePicture": "https://skillacademy-prod.s3.ap-southeast-1.amazonaws.com/offline-marketplace/ITECH_icon.png"
                                                    }
                                                ],
                                                "introductionVideoThumbnailURL": "https://skillacademy-prod.s3.ap-southeast-1.amazonaws.com/offline-marketplace/ITECH_small.jpg",
                                                "introductionVideoURL": "https://skillacademy-prod.s3.ap-southeast-1.amazonaws.com/offline-marketplace/ITECH_Large.jpg",
                                                "isSubscribed": false,
                                                "location": [
                                                    "DKI JAKARTA",
                                                    "KOTA JAKARTA PUSAT"
                                                ],
                                                "marketType": "OFFLINE",
                                                "merchantSerial": "MERC-WGL1QT6D",
                                                "price": 250000,
                                                "rating": 0,
                                                "slug": "webinar-cara-membuat-proposal-maut-dengan-ms-power-point",
                                                "tags": [],
                                                "totalRating": 0,
                                                "transactional": "TRANSACTIONABLE_YES",
                                                "updatedAt": "2020-07-29 06:39:26.009254 +0000 UTC"
                                            },
                                            {
                                                "basePrice": 450000,
                                                "categories": [],
                                                "courseDescription": "Jadwal: Kamis, 13 Agustus 2020 &lt;br&gt; Pukul: 09.00 - 11.00 WIB &lt;br&gt; Platform: Zoom &lt;br&gt; Pentingnya desain grafis dalam pekerjaan telah menarik minat dan perhatian masyarakat. Sudah banyak sekali orang yang memilih profesi designer sebagai salah satu pekerjaan yang cukup menjanjikan. Kemampuan dalam bidang desain khususnya corel draw memang memberikan keuntungan serta peluang yang besar. Disini peserta akan belajar membuat desain logo, sticker, banner, desain kemasan/packaging, desain denah lokasi, undangan pernikahan, kartu nama, pamflet serta desain kaos.&lt;br&gt; &lt;br&gt; &lt;b&gt; PERHATIAN &lt;/b&gt; &lt;br&gt; 1. Jika terjadi kesalahan dalam pembelian, pihak Skill Academy tidak melayani pengembalian dana (refund) dengan alasan apapun, &lt;br&gt; 2. Sebelum membeli, harap baca deskripsi program dengan saksama, khususnya jadwal pelatihan, &lt;br&gt; 3. Program pelatihan yang dibeli menggunakan Kartu Prakerja tidak dapat dipindahtangankan. Jika terjadi hal tersebut, pihak penyelenggara pelatihan berhak untuk tidak memberikan sertifikat, &lt;br&gt; 4. Khusus untuk kamu pengguna Kartu Prakerja, pastikan nama, alamat email, dan nomor HP yang kamu daftarkan di Skill Academy sesuai dengan data Prakerja kamu. &lt;br&gt; &lt;br&gt; &lt;b&gt; Cara Redeem Voucher &lt;/b&gt; &lt;br&gt; 1. Setelah selesai melakukan pembelian, kunjungi halaman \"Kelas Saya\" untuk melihat kode voucher Kamu, &lt;br&gt; 2.Setelah melakukan transaksi, daftarkan diri Anda dan masukkan kode voucher &lt;br&gt; 3. Tim YP FITRI AL BAASITU akan menghubungi Anda untuk pelaksanaan kelas",
                                                "courseName": "Webinar: Mahir Desain Grafis Dengan Corel Draw",
                                                "courseSerial": "PROG-K7P05U0Y",
                                                "createdAt": "2020-06-03 06:59:45.616478 +0000 UTC",
                                                "imageUrl": "https://skillacademy-prod.s3.ap-southeast-1.amazonaws.com/offline-marketplace/YP_Fitri_Al_Baasitu_Background.jpg",
                                                "instructors": [
                                                    {
                                                        "description": "YP Fitri Al-Baasitu merupakan lembaga kursus komputer (IT) yang berdiri sejak November 2017 oleh orang – orang yang berpengalaman di bidang teknologi informasi. Dengan totalitas dan profesionalisme kerja, kami yakin mampu memberikan pelayanan yang optimal dan pengajaran yang berkualitas sehingga mampu membantu masyarakat dalam mengakses pendidikan yang lebih baik.",
                                                        "jobTitle": "",
                                                        "name": "YP FITRI AL BAASITU",
                                                        "profilePicture": "https://skillacademy-prod.s3.ap-southeast-1.amazonaws.com/offline-marketplace/Fitri_Al_Baasitu_Icon.png"
                                                    }
                                                ],
                                                "introductionVideoThumbnailURL": "https://skillacademy-prod.s3.ap-southeast-1.amazonaws.com/offline-marketplace/Wahana_Tama_small.jpg",
                                                "introductionVideoURL": "https://skillacademy-prod.s3.ap-southeast-1.amazonaws.com/offline-marketplace/YP_Fitri_Al_Baasitu_Large.jpg",
                                                "isSubscribed": false,
                                                "location": [
                                                    "DKI JAKARTA",
                                                    "KOTA JAKARTA PUSAT"
                                                ],
                                                "marketType": "OFFLINE",
                                                "merchantSerial": "MERC-LCWSRGGW",
                                                "price": 450000,
                                                "rating": 0,
                                                "slug": "webinar-mahir-desain-grafis-dengan-corel-draw",
                                                "tags": [],
                                                "totalRating": 0,
                                                "transactional": "TRANSACTIONABLE_YES",
                                                "updatedAt": "2020-07-23 07:37:21.403217 +0000 UTC"
                                            }
                                        ]
                                    ]
                                },
                                "page": {
                                    "type": "integer",
                                    "default": 2,
                                    "enum": [
                                        2
                                    ]
                                },
                                "pageSize": {
                                    "type": "integer",
                                    "default": 3,
                                    "enum": [
                                        3
                                    ]
                                },
                                "recommendationID": {
                                    "type": "string",
                                    "default": ""
                                },
                                "searchAlgoID": {
                                    "type": "string",
                                    "default": ""
                                },
                                "totalCourse": {
                                    "type": "integer",
                                    "default": 519
                                },
                                "totalPage": {
                                    "type": "integer",
                                    "default": 173
                                }
                            },
                            "required": [
                                "data",
                                "page",
                                "pageSize",
                                "recommendationID",
                                "searchAlgoID",
                                "totalCourse",
                                "totalPage"
                            ]
                        },
                        "status": {
                            "type": "string",
                            "default": "success",
                            "enum": [
                                "success"
                            ]
                        },
                        "message": {
                            "type": "string",
                            "default": "success",
                            "enum": [
                                "success"
                            ]
                        }
                    },
                    "required": [
                        "data",
                        "message",
                        "status"
                    ]
                }
            }
        }
    }
}</msg>
<status status="PASS" starttime="20211130 11:57:31.176" endtime="20211130 11:57:31.313"/>
</kw>
<status status="PASS" starttime="20211130 11:57:30.843" endtime="20211130 11:57:31.313"/>
</test>
<test id="s1-t2" name="Verify GET courses with with searchQuery">
<kw name="GET" library="REST">
<var>&amp;{response}</var>
<arg>/skillacademy/discovery/search?searchQuery=${ValidCourseName}</arg>
<tag>http</tag>
<doc>*Sends a GET request to the endpoint.*</doc>
<msg timestamp="20211130 11:57:31.701" level="INFO">&amp;{response} = { seconds=0.33875900000000003 | status=200 | reason=OK | body={'data': {'data': [{'basePrice': 200000, 'categories': [], 'courseDescription': 'Hii learners, mau berkarir menjadi staff admin/sekertaris...</msg>
<status status="PASS" starttime="20211130 11:57:31.313" endtime="20211130 11:57:31.701"/>
</kw>
<kw name="String" library="REST">
<arg>response body status</arg>
<arg>success</arg>
<tag>assertions</tag>
<doc>*Asserts the field as JSON string.*</doc>
<status status="PASS" starttime="20211130 11:57:31.703" endtime="20211130 11:57:31.703"/>
</kw>
<kw name="String" library="REST">
<arg>response body message</arg>
<arg>success</arg>
<tag>assertions</tag>
<doc>*Asserts the field as JSON string.*</doc>
<status status="PASS" starttime="20211130 11:57:31.707" endtime="20211130 11:57:31.707"/>
</kw>
<kw name="Set Variable" library="BuiltIn">
<var>${courses}</var>
<arg>${response.body.data.data}</arg>
<doc>Returns the given values which can then be assigned to a variables.</doc>
<msg timestamp="20211130 11:57:31.714" level="INFO">${courses} = [{'basePrice': 200000, 'categories': [], 'courseDescription': 'Hii learners, mau berkarir menjadi staff admin/sekertaris di perusahaan?&lt;br&gt; Seorang staff admin / sekertaris dalam suatu perusahaan past...</msg>
<status status="PASS" starttime="20211130 11:57:31.710" endtime="20211130 11:57:31.714"/>
</kw>
<for flavor="IN">
<var>${course}</var>
<value>@{courses}</value>
<iter>
<var name="${course}">{'basePrice': 200000, 'categories': [], 'courseDescription': 'Hii learners, mau berkarir menjadi staff admin/sekertaris di perusahaan?&lt;br&gt; Seorang staff admin / sekertaris dalam suatu perusahaan pasti...</var>
<kw name="Should Contain" library="BuiltIn">
<arg>${course.courseName}</arg>
<arg>${ValidCourseName}</arg>
<arg>ignore_case=True</arg>
<doc>Fails if ``container`` does not contain ``item`` one or more times.</doc>
<status status="PASS" starttime="20211130 11:57:31.714" endtime="20211130 11:57:31.719"/>
</kw>
<status status="PASS" starttime="20211130 11:57:31.714" endtime="20211130 11:57:31.719"/>
</iter>
<iter>
<var name="${course}">{'basePrice': 350000, 'categories': [], 'courseDescription': 'Jadwal: Setiap Sabtu&lt;br&gt; Durasi: 4 Jam&lt;br&gt; Platform: Zoom&lt;br&gt; Kuota: 80 orang&lt;br&gt;&lt;br&gt; Di dalam kelas ini kamu akan diajarkan bagaimana mem...</var>
<kw name="Should Contain" library="BuiltIn">
<arg>${course.courseName}</arg>
<arg>${ValidCourseName}</arg>
<arg>ignore_case=True</arg>
<doc>Fails if ``container`` does not contain ``item`` one or more times.</doc>
<status status="PASS" starttime="20211130 11:57:31.719" endtime="20211130 11:57:31.719"/>
</kw>
<status status="PASS" starttime="20211130 11:57:31.719" endtime="20211130 11:57:31.719"/>
</iter>
<iter>
<var name="${course}">{'basePrice': 900000, 'categories': [], 'courseDescription': '&lt;b&gt;Mengapa Program ini Penting untuk diambil ?&lt;/b&gt;&lt;br&gt;Pada Kelas ini peserta akan diberikan pengetahuan dasar Desain Grafis yang memiliki ...</var>
<kw name="Should Contain" library="BuiltIn">
<arg>${course.courseName}</arg>
<arg>${ValidCourseName}</arg>
<arg>ignore_case=True</arg>
<doc>Fails if ``container`` does not contain ``item`` one or more times.</doc>
<status status="PASS" starttime="20211130 11:57:31.719" endtime="20211130 11:57:31.719"/>
</kw>
<status status="PASS" starttime="20211130 11:57:31.719" endtime="20211130 11:57:31.719"/>
</iter>
<iter>
<var name="${course}">{'basePrice': 400000, 'categories': [], 'courseDescription': 'Di kelas ini, kamu akan diberikan panduan dan resep lengkap untuk membuat Lapis Legit dari chef Chef Yongki Gunawan dan Chef Willy Tandra....</var>
<kw name="Should Contain" library="BuiltIn">
<arg>${course.courseName}</arg>
<arg>${ValidCourseName}</arg>
<arg>ignore_case=True</arg>
<doc>Fails if ``container`` does not contain ``item`` one or more times.</doc>
<status status="PASS" starttime="20211130 11:57:31.719" endtime="20211130 11:57:31.724"/>
</kw>
<status status="PASS" starttime="20211130 11:57:31.719" endtime="20211130 11:57:31.724"/>
</iter>
<iter>
<var name="${course}">{'basePrice': 350000, 'categories': [], 'courseDescription': 'Di dalam kelas ini pembelajaran akan disampaikan dalam bentuk Video Pembelajaran. &lt;br&gt;Durasi: 60 Menit &lt;br&gt; Participants: Siapa saja yang ...</var>
<kw name="Should Contain" library="BuiltIn">
<arg>${course.courseName}</arg>
<arg>${ValidCourseName}</arg>
<arg>ignore_case=True</arg>
<doc>Fails if ``container`` does not contain ``item`` one or more times.</doc>
<status status="PASS" starttime="20211130 11:57:31.724" endtime="20211130 11:57:31.724"/>
</kw>
<status status="PASS" starttime="20211130 11:57:31.724" endtime="20211130 11:57:31.724"/>
</iter>
<iter>
<var name="${course}">{'basePrice': 350000, 'categories': [], 'courseDescription': 'Jadwal kelas: Setiap Minggu (3 Sesi, Senin, Rabu dan Jumat)&lt;br&gt;Pukul: 19.00-22.00(Durasi 3 Jam per sesi)&lt;br&gt; Platform: Zoom&lt;br&gt;Catatan: Ke...</var>
<kw name="Should Contain" library="BuiltIn">
<arg>${course.courseName}</arg>
<arg>${ValidCourseName}</arg>
<arg>ignore_case=True</arg>
<doc>Fails if ``container`` does not contain ``item`` one or more times.</doc>
<status status="PASS" starttime="20211130 11:57:31.724" endtime="20211130 11:57:31.728"/>
</kw>
<status status="PASS" starttime="20211130 11:57:31.724" endtime="20211130 11:57:31.728"/>
</iter>
<iter>
<var name="${course}">{'basePrice': 900000, 'categories': [], 'courseDescription': '&lt;b&gt;Mengapa Program ini Penting untuk diambil?&lt;/b&gt;&lt;br&gt;Pada Kelas ini peserta akan diberikan pengetahuan dasar Desain Arsitektur yang memili...</var>
<kw name="Should Contain" library="BuiltIn">
<arg>${course.courseName}</arg>
<arg>${ValidCourseName}</arg>
<arg>ignore_case=True</arg>
<doc>Fails if ``container`` does not contain ``item`` one or more times.</doc>
<status status="PASS" starttime="20211130 11:57:31.728" endtime="20211130 11:57:31.728"/>
</kw>
<status status="PASS" starttime="20211130 11:57:31.728" endtime="20211130 11:57:31.728"/>
</iter>
<iter>
<var name="${course}">{'basePrice': 400000, 'categories': [], 'courseDescription': 'Di kelas ini, kamu akan mempelajari cara mudah pembuatan kroket keju yang lezat dan siap dijual. Nantinya, kamu akan mempelajari bagaimana...</var>
<kw name="Should Contain" library="BuiltIn">
<arg>${course.courseName}</arg>
<arg>${ValidCourseName}</arg>
<arg>ignore_case=True</arg>
<doc>Fails if ``container`` does not contain ``item`` one or more times.</doc>
<status status="PASS" starttime="20211130 11:57:31.728" endtime="20211130 11:57:31.732"/>
</kw>
<status status="PASS" starttime="20211130 11:57:31.728" endtime="20211130 11:57:31.732"/>
</iter>
<iter>
<var name="${course}">{'basePrice': 90000, 'categories': [], 'courseDescription': 'CV merupakan dokumen vital yang harus ada saat melamar kerja. Agar dipandang oleh perusahaan pun tidak hanya sekedar CV biasa. Pada kelas i...</var>
<kw name="Should Contain" library="BuiltIn">
<arg>${course.courseName}</arg>
<arg>${ValidCourseName}</arg>
<arg>ignore_case=True</arg>
<doc>Fails if ``container`` does not contain ``item`` one or more times.</doc>
<status status="PASS" starttime="20211130 11:57:31.732" endtime="20211130 11:57:31.735"/>
</kw>
<status status="PASS" starttime="20211130 11:57:31.732" endtime="20211130 11:57:31.735"/>
</iter>
<iter>
<var name="${course}">{'basePrice': 200000, 'categories': [], 'courseDescription': 'Hii learners, mau berkarir menjadi staff admin / sekertaris di perusahaan? Atau mau mahir ms. Excel untuk keperluan pembukuan bisnis priba...</var>
<kw name="Should Contain" library="BuiltIn">
<arg>${course.courseName}</arg>
<arg>${ValidCourseName}</arg>
<arg>ignore_case=True</arg>
<doc>Fails if ``container`` does not contain ``item`` one or more times.</doc>
<msg timestamp="20211130 11:57:31.735" level="FAIL">'Mahir Ms. Excel dalam 3 Jam' does not contain 'membuat'</msg>
<status status="FAIL" starttime="20211130 11:57:31.735" endtime="20211130 11:57:31.735"/>
</kw>
<status status="FAIL" starttime="20211130 11:57:31.735" endtime="20211130 11:57:31.735"/>
</iter>
<status status="FAIL" starttime="20211130 11:57:31.714" endtime="20211130 11:57:31.735"/>
</for>
<kw name="Output Schema" library="REST" type="TEARDOWN">
<tag>I/O</tag>
<doc>*Outputs JSON Schema to terminal or a file.*</doc>
<msg timestamp="20211130 11:57:31.744" level="INFO">
{
    "$schema": "http://json-schema.org/draft-07/schema#",
    "title": "GET https://skillacademy.com/skillacademy/discovery/search",
    "description": "TestSearchAPI: Verify GET courses with with searchQuery",
    "default": true,
    "examples": [],
    "type": "object",
    "properties": {
        "request": {
            "type": "object",
            "properties": {
                "body": {
                    "type": "null"
                },
                "query": {
                    "type": "object",
                    "properties": {
                        "searchQuery": {
                            "type": "string"
                        }
                    },
                    "required": [
                        "searchQuery"
                    ]
                }
            }
        },
        "response": {
            "type": "object",
            "properties": {
                "body": {
                    "type": "object",
                    "properties": {
                        "data": {
                            "type": "object",
                            "properties": {
                                "data": {
                                    "type": "array",
                                    "items": {
                                        "type": "object",
                                        "properties": {
                                            "basePrice": {
                                                "type": "integer"
                                            },
                                            "categories": {
                                                "type": "array"
                                            },
                                            "courseDescription": {
                                                "type": "string"
                                            },
                                            "courseName": {
                                                "type": "string"
                                            },
                                            "courseSerial": {
                                                "type": "string"
                                            },
                                            "createdAt": {
                                                "type": "string"
                                            },
                                            "imageUrl": {
                                                "type": "string"
                                            },
                                            "instructors": {
                                                "type": "array",
                                                "items": {
                                                    "type": "object",
                                                    "properties": {
                                                        "description": {
                                                            "type": "string"
                                                        },
                                                        "jobTitle": {
                                                            "type": "string"
                                                        },
                                                        "name": {
                                                            "type": "string"
                                                        },
                                                        "profilePicture": {
                                                            "type": "string"
                                                        }
                                                    },
                                                    "required": [
                                                        "description",
                                                        "jobTitle",
                                                        "name",
                                                        "profilePicture"
                                                    ]
                                                }
                                            },
                                            "introductionVideoThumbnailURL": {
                                                "type": "string"
                                            },
                                            "introductionVideoURL": {
                                                "type": "string"
                                            },
                                            "isSubscribed": {
                                                "type": "boolean"
                                            },
                                            "location": {
                                                "type": "array",
                                                "items": {
                                                    "type": "string"
                                                }
                                            },
                                            "marketType": {
                                                "type": "string"
                                            },
                                            "merchantSerial": {
                                                "type": "string"
                                            },
                                            "price": {
                                                "type": "integer"
                                            },
                                            "rating": {
                                                "type": "integer"
                                            },
                                            "slug": {
                                                "type": "string"
                                            },
                                            "tags": {
                                                "type": "array"
                                            },
                                            "totalRating": {
                                                "type": "integer"
                                            },
                                            "transactional": {
                                                "type": "string"
                                            },
                                            "updatedAt": {
                                                "type": "string"
                                            }
                                        },
                                        "required": [
                                            "basePrice",
                                            "categories",
                                            "courseDescription",
                                            "courseName",
                                            "courseSerial",
                                            "createdAt",
                                            "imageUrl",
                                            "instructors",
                                            "introductionVideoThumbnailURL",
                                            "introductionVideoURL",
                                            "isSubscribed",
                                            "location",
                                            "marketType",
                                            "merchantSerial",
                                            "price",
                                            "rating",
                                            "slug",
                                            "tags",
                                            "totalRating",
                                            "transactional",
                                            "updatedAt"
                                        ]
                                    },
                                    "default": [
                                        {
                                            "basePrice": 200000,
                                            "categories": [],
                                            "courseDescription": "Hii learners, mau berkarir menjadi staff admin/sekertaris di perusahaan?&lt;br&gt; Seorang staff admin / sekertaris dalam suatu perusahaan pasti banyak berurusan dengan hal surat menyurat dan pengiriman berbagai dokumen. Maka itu menguasai Ms.Word akan sangat membantu. &lt;br&gt;&lt;br&gt; Ikuti kelas Ms. Word Bersama Course-Net Indonesia. Anda akan di bimbing dari basic oleh Coach 3P (Praktisi, Punya Sertifikasi &amp; Prestasi Tingkat Dunia) &lt;br&gt;&lt;br&gt; Setelah mengikuti pelatihan ini anda akan : &lt;br&gt; 1.Mampu membuat dokumen sederhana &lt;br&gt; 2. Mempu menyusun laporan dengan ms word &lt;br&gt; 3. Mampu membuat dokumen resmi dan sertifikat dengan Ms.Word &lt;br&gt; 4. Mampu menghasilkan dokumen yang rapi tanpa waktu lama &lt;br&gt; 5. Dapat memaksimalkan fitur-fitur penting dalam Ms. Word &lt;br&gt;&lt;br&gt; Cocok bagi siapapun yang tertarik untuk : &lt;br&gt; 1. Ingin berkarir sebagai staff admin di perusahaan &lt;br&gt; 2. Mau membuka jasa pembuatan ketik dan dokumen surat menyurat &lt;br&gt;&lt;br&gt; Staff admin / sekertaris merupakan salah satu posisi yang paling dibutuhkan di perusahaan manapun, tidak peduli perusahaan besar / kecil. Selain itu anda juga bisa membuka jasa ketik dan pembuatan dokumen resmi untuk perusahaan. &lt;br&gt; Kembangkan skill anda sekarang juga dan dapatkan karir yag lebih baik. &lt;br&gt;&lt;b&gt;BELAJAR DARI DASAR. 1x BAYAR DIJAMIN BELAJAR SAMPAI BISA.&lt;/b&gt;&lt;br&gt;&lt;br&gt; Membuat dokumen sederhana dengan MS word &lt;br&gt; 1. Versi-versi Word &lt;br&gt; 2. Mengenal elemen di Word (Lembar, Margin, View, Zooming, Pages count) &lt;br&gt; 3. Mengenal Menu bar penting di Word (File, Home, Insert, Design, Layout, Mailings,dll) &lt;br&gt; 4. Menyiapkan lembaran baru (New file , Open folder) &lt;br&gt; 5. Melampirkan gambar,bentuk dan symbol (Symbol , Shape, Pictures) &lt;br&gt; 6. Merapikan dokumen (font size, text formatting, paragraph formatting, page formatting (margin, a4, f4)) &lt;br&gt; 7. Tips &amp; Trick text editing cepat (Copy, Paste, undo, redo, find, replace) &lt;br&gt; 8. Mencetak dan distribusi elektronik (Print, Save, Save as) &lt;br&gt;&lt;br&gt;&lt;b&gt;Materi Pelatihan&lt;/b&gt;&lt;br&gt; 1. Membuat Laporan Pekerjaan&lt;br&gt;(Unduh file template latihan, Membuat tabel, Membuat cover, Layouting page (bullets ,numbering), Membuat Table of Contents, Membuat page numbering) &lt;br&gt; 2. Membuat sertifikat menggunakan mail merge &lt;br&gt;(Membuat Header, Membuat border, Memilih fonts, Page orientation, Menyiapkan tempat tanda tangan, Menambahkan tanda tangan virtual &lt;br&gt;&lt;br&gt; Yuk bergabung di kelas ini! Catat ya…. program ini didukung oleh Course-Net yang merupakan #1 Practical IT Coaching yang memenangkan penghargaan internasional dalam 2 tahun berturut-turut (ECC Global Award Atlanta USA 2019 &amp; The Most Impactful IT Coaching 2020). Jadi, jangan lewatkan!&lt;br&gt;&lt;br&gt;&lt;b&gt;PERHATIAN&lt;/b&gt;&lt;br&gt;1.Jika terjadi kesalahan dalam pembelian, pihak Skill Academy tidak melayani pengembalian dana (refund) dengan alasan apapun&lt;br&gt;2. Sebelum membeli, harap baca deskripsi program dengan saksama, khususnya jadwal pelatihan&lt;br&gt;3. Program pelatihan yang dibeli tidak dapat dipindahtangankan. Jika terjadi hal tersebut, pihak penyelenggara pelatihan berhak untuk tidak memberikan sertifikat&lt;br&gt;&lt;br&gt;&lt;b&gt;Cara Redeem Voucher:&lt;/b&gt;&lt;br&gt;1. Setelah selesai melakukan pembelian, kunjungi halaman \"Kelas Saya\" untuk melihat kode voucher Kamu, &lt;br&gt; 2. Isi data diri kamu pada form berikut: http://bit.ly/KelasCourseNet &lt;br&gt; 3.Lakukan redeem voucher menggunakan kode voucher yang tadi muncul ke COURSE NET INDONESIA dengan masukan data diri lengkap di https://newvideo.course-net.com/web/index.php?r=redeem&lt;br&gt; 4. Setelah berhasil redeem voucher, langkah selanjutnya untuk memulai kelas dapat mengakses https://newvideo.course-net.com/web &lt;br&gt;5.Sertifikat dapat kamu lihat setelah selesai melaksanakan pelatihan bersama Tim Course-Net &lt;br&gt; 6. Kamu wajib mengisi ulasan serta rating apabila kamu sudah menyelesaikan kelas ini.&lt;br&gt;&lt;br&gt; Apabila ada pertanyaan lebih lanjut kamu dapat menghubungi: &lt;br&gt;CS Admin Course-Net: 0821-1707-0291&lt;br&gt;Jam Kerja: Senin sd Jumat (09:00 sd 17:00 WIB) Sabtu (09:00 sd 14:00 WIB)",
                                            "courseName": "Membuat Dokumen Rapi Dengan Ms. Word",
                                            "courseSerial": "PROG-518KVU9B",
                                            "createdAt": "0001-01-01 00:00:00 +0000 UTC",
                                            "imageUrl": "https://skillacademy-prod.s3.ap-southeast-1.amazonaws.com/offline-marketplace/358x225-Video-Membuat_Dokumen_Rapi_Dengan_Ms._Word.jpg",
                                            "instructors": [
                                                {
                                                    "description": "Course-Net Indonesia didirikan oleh seorang anak muda milenial pada tahum 2015. Berbekal prestasi cumlude semasa kuliah, juara kompetisi networking tingkat nasional dan berhasil masuk ke perusahaan ICT Consultant no 1 di Indonesia sebelum lulus kuliah, ia adalah Alvin. Alvin menyadari pentingnya seorang IT people untuk memiliki specific skill. Selain itu, penting bagi setiap IT people untuk punya seorang coach yang berpengalaman agar mampu beradaptasi dan berkontribusi secara maksimal dalam perusahaan. Oleh karena itu Alvin memiliki ide gila untuk mengumpulkan seluruh praktisi terbaik dengan background 3P (Praktisi, Punya Sertifikasi, Pretasi Tingkat Dunia). Tagline IT is FUN merupakan ciri khas dari Course-Net Indonesia dibuat semi-cowboy, FUN dan Praktis sehingga setiap IT people yang belajar mampu menyerap ilmu yang sifatnya best practice di dunia pekerjaan, bukan hanya teori saja. Hingga saat ini Course-Net telah menghasilkan 7000++lulusan dan mendapatkan penghargaan sebagai #1 Practical IT Coaching di ECC Global Award Atlanta USA.",
                                                    "jobTitle": "Lembaga Kursus Programming",
                                                    "name": "Course-Net",
                                                    "profilePicture": "https://skillacademy-prod.s3.ap-southeast-1.amazonaws.com/offline-marketplace/Course-Net_Logo.png"
                                                }
                                            ],
                                            "introductionVideoThumbnailURL": "",
                                            "introductionVideoURL": "",
                                            "isSubscribed": false,
                                            "location": [
                                                "KOTA JAKARTA BARAT"
                                            ],
                                            "marketType": "OFFLINE",
                                            "merchantSerial": "MERC-JU7H1D49",
                                            "price": 200000,
                                            "rating": 0,
                                            "slug": "membuat-dokumen-rapi-dengan-ms-word",
                                            "tags": [],
                                            "totalRating": 0,
                                            "transactional": "TRANSACTIONABLE_YES",
                                            "updatedAt": "0001-01-01 00:00:00 +0000 UTC"
                                        },
                                        {
                                            "basePrice": 350000,
                                            "categories": [],
                                            "courseDescription": "Jadwal: Setiap Sabtu&lt;br&gt; Durasi: 4 Jam&lt;br&gt; Platform: Zoom&lt;br&gt; Kuota: 80 orang&lt;br&gt;&lt;br&gt; Di dalam kelas ini kamu akan diajarkan bagaimana membuat desain stempel menggunakan Corel Draw.Tujuan Pelatihan:&lt;br&gt;• Menguasai Konsep Dasar Corel Draw&lt;br&gt;• Menguasai teknik membuat desain Stempel&lt;br&gt;• Mampu membuka internet dan browser&lt;br&gt;• Mampu mempublikasikan karyanya di sosial media dan di real life  atau dunia nyata&lt;br&gt;&lt;br&gt; Untuk kelas pembuatan desain stempel ini bisa dijadikan referensi bagi  kamu yang ingin memulai usaha digital printing yang mudah dimulai dan  memiliki potensi berkembang yang sangat pesat. Harga stempel yang  mahal, membuat desainer juga memiliki nilai jual yang sangat berharga  pada desainnya. Di kelas ini, Peserta akan mempelajari cara membuat  desain stempel dari awal yang diberi contoh terlebih dahulu. Kemudian  melanjutkan pekerjaan masing-masing menggunakan software Corel Draw.&lt;br&gt;&lt;br&gt; Materi belajar yang akan kamu dapat di dalam kelas ini meliputi:&lt;br&gt;• Menguasai Konsep Dasar Corel Draw&lt;br&gt;• Menguasai Konsep Dasar Corel Draw &lt;br&gt;• Mampu membuka internet dan browser&lt;br&gt;• Mampu mempublikasikan karyanya di sosial media dan di real life  atau dunia nyata&lt;br&gt;&lt;br&gt;Kamu akan dibimbing langsung oleh &lt;b&gt;Mada Umaro, S.T&lt;/b&gt; dengan pengalamannya mendapatkan 3 sertifikat kompetensi dan LSK-TIK dan BNSP. Kompetensi yang diraih adalah Operator Disain Grafis, Literasi Komputer,  dan Metodologi Pelatihan Level 3&lt;br&gt;Selain itu beliau adalah lulusan sarjana  teknik Universitas Brawijaya Malang. Saat ini dia sedang  melanjutkan studi S2 di Universitas Sebelas Maret. Program magister yang sedang diambil adalah  Magister Teknologi Pendidikan. Hal tersebut sudah selaras antara  pendidikan dan pekerjaannya saat ini yaitu berkaitan dengan dunia digital  maupun teknologi informasi dan komunikasi khususnya di bidang  mengajar kelas corel draw &lt;br&gt;Yuk bergabung di kelas ini! Catat ya…. program ini didukung oleh LPK Merdika  yang sudah berpengalaman lebih dari 32 tahun. Jadi, jangan lewatkan!&lt;br&gt;&lt;br&gt;&lt;b&gt;PERHATIAN&lt;/b&gt;&lt;br&gt;1.Jika terjadi kesalahan dalam pembelian, pihak Skill Academy tidak melayani pengembalian dana (refund) dengan alasan apapun&lt;br&gt;2. Sebelum membeli, harap baca deskripsi program dengan saksama, khususnya jadwal pelatihan&lt;br&gt;3. Program pelatihan yang dibeli tidak dapat dipindahtangankan. Jika terjadi hal tersebut, pihak penyelenggara pelatihan berhak untuk tidak memberikan sertifikat&lt;br&gt;&lt;br&gt;&lt;b&gt;Cara Redeem Voucher:&lt;/b&gt;&lt;br&gt;1. Setelah selesai melakukan pembelian, kunjungi halaman \"Kelas Saya\" untuk melihat kode voucher Kamu, &lt;br&gt; 2. Isi data diri kamu pada form berikut https://bit.ly/KelasLPKMerdika   &lt;br&gt; 3.Tim LPK Merdika akan menghubungi Anda dalam waktu 2x24 jam untuk pelaksanaan kelas &lt;br&gt; 4. Sertifikat dapat kamu lihat setelah selesai melaksanakan pelatihan bersama Tim LPK Merdika  &lt;br&gt; 5. Kamu wajib mengisi ulasan serta rating apabila kamu sudah menyelesaikan kelas ini.",
                                            "courseName": "Webinar: Membuat Desain Stempel Menggunakan Corel Draw",
                                            "courseSerial": "PROG-JWVE1KWQ",
                                            "createdAt": "0001-01-01 00:00:00 +0000 UTC",
                                            "imageUrl": "https://skillacademy-prod.s3.ap-southeast-1.amazonaws.com/offline-marketplace/Small_Merdika_CorelDraw.jpg",
                                            "instructors": [
                                                {
                                                    "description": "LPK Merdika Madiun adalah Lembaga Pelatihan Swasta dalam bidang  kursus program unggulan Komputer (Aplikasi Perkantoran/Operator  Komputer dan Desain Grafis). LPK Merdika Madiun berdiri pada tahun 1989  di kota Madiun turut berpartisipasi aktif untuk bisa membantu  memberikan bekal ketrampilan dan mencarikan kerja yang sangat  bermanfaat bagi pencari kerja atau korban PHK, dengan adanya pelatihan  yang gratis bagi masyarakat ini akan berdampak pada peningkatan tarap  hidup masyarakat dan kemakmuran warga di sekitarnya. LPK Merdika  Madiun beralamatkan di Jalan Kapten Tendean No. 43 Kota Madiun telah  menyelesaikan berbagai program pelatihan dan mencetak lulusan yang  telah ditempatkan di DU/DI di seluruh Indonesia",
                                                    "jobTitle": "Pelatihan Operator Komputer",
                                                    "name": "LPK Merdika ",
                                                    "profilePicture": "https://skillacademy-prod.s3.ap-southeast-1.amazonaws.com/offline-marketplace/Logo_LPK_Merdikaa.png"
                                                }
                                            ],
                                            "introductionVideoThumbnailURL": "",
                                            "introductionVideoURL": "",
                                            "isSubscribed": false,
                                            "location": [
                                                "KOTA MADIUN"
                                            ],
                                            "marketType": "OFFLINE",
                                            "merchantSerial": "MERC-SM1PU839",
                                            "price": 350000,
                                            "rating": 0,
                                            "slug": "webinar-membuat-desain-stempel-menggunakan-corel-draw",
                                            "tags": [],
                                            "totalRating": 0,
                                            "transactional": "TRANSACTIONABLE_YES",
                                            "updatedAt": "0001-01-01 00:00:00 +0000 UTC"
                                        },
                                        {
                                            "basePrice": 900000,
                                            "categories": [],
                                            "courseDescription": "&lt;b&gt;Mengapa Program ini Penting untuk diambil ?&lt;/b&gt;&lt;br&gt;Pada Kelas ini peserta akan diberikan pengetahuan dasar Desain Grafis yang memiliki peran sangat penting bagi seorang desainer atau ilustrator seperti pembuatan desain Iklan dan Teknik Manipulasi Photo, pembuatan logo dan Feed Instagram, dan bentuk Desain Grafis lainnya dengan menggunakan Aplikasi Photoshop dan CorelDraw.&lt;br&gt;&lt;br&gt;&lt;b&gt;Apa tujuan dari program ini ?&lt;/b&gt;&lt;br&gt;Tujuan Program ini adalah peserta dapat mengaplikasikan program aplikasi Photoshop dan CorelDraw dalam pembuatan desain iklan, teknik manipulasi photo, pembuatan logo dan desain feed instagram yang telah didapat dan mengerti dengan baik.&lt;br&gt;&lt;br&gt;&lt;b&gt;Apa saja yang diajarkan melalui Program ini ?&lt;/b&gt;&lt;br&gt;Pada program ini peserta akan mempelajari pengetahuan dasar-dasar pada Photoshop dan CorelDraw, fitur-fitur yang biasa digunakan pada aplikasi Photoshop dan CorelDraw, serta tutorial secara langsung membuat desain grafis menggunakan Photoshop dan CorelDraw. Kompetensi yang disasar meliputi kemampuan Cerdas, Mandiri, Inovatif, serta Berorientasi pada Tindakan.&lt;br&gt;&lt;br&gt;&lt;b&gt;Apa jenis pekerjaan yang relevan dengan program ini ?&lt;/b&gt;&lt;br&gt;Program ini sangat relevan untuk pemula / tingkat dasar. Anda yang berminat mempelajari bidang desain, khususnya desain grafis, Anda akan belajar bagaimana cara membuat desain iklan, teknik manipulasi photo, pembuatan logo prefesional dan desain feed instagram untuk berbagai macam branding usaha dan produk yang ingin dijual melalui bentuk visual yang kreatif. Anda yang ingin meningkatkan bisnis melalui desain branding yang efisien dan efektif dan Freelance Designer.&lt;br&gt;&lt;br&gt;&lt;b&gt;Siapa saja yang dapat mengikuti program ini ?&lt;/b&gt;&lt;br&gt;Program ini untuk peserta yang ingin memulai dan mengembangkan karya desain iklan, manipulasi photo, Logo dan desain Feed Instagram. Program ini dapat digunakan mulai dari usia tingkat SMA/SMK dan usia produktif. Tingkat kesulitan pelatihan ini mudah dipahami fokus berupa tutorial dan contoh pembuatan yg praktis untuk tingkat pemula/tingkat dasar.&lt;br&gt;&lt;br&gt;&lt;b&gt;Kompetensi dan Tujuan Pembelajaran&lt;/b&gt;&lt;br&gt;1.Menguasai Konsep Dasar Adobe Photoshop&lt;br&gt;2.Menguasai tools yang ada pada Adobe Photoshop&lt;br&gt;3.Menguasai Tips - Trik Pen Tool dan Layer&lt;br&gt;4.Menguasai Teknik Cepat Membuat Desain Iklan Menarik&lt;br&gt;5.Menguasai Teknik Manipulasi Photo&lt;br&gt;6.Pengenalan Dasar CorelDraw&lt;br&gt;7.Penggunaan Toolbox CorelDRAW&lt;br&gt;8.Teknik Rectangle Tool, Ellipse Tool dan Shaping&lt;br&gt;9.Teknik Desain Logo Profesional&lt;br&gt;10.Teknik Rectangle Tool, Ellipse Tool dan Shaping&lt;br&gt;11.Desain Feed Instagram Keren&lt;br&gt;12.Teknik Rectangle Tool, Ellipse Tool dan Shaping&lt;br&gt;&lt;br&gt;&lt;b&gt;Ikuti kelas \"Membuat Desain Grafis untuk menjadi Perancang Grafis\" tingkatkan kompetensimu!&lt;/b&gt;&lt;br&gt;&lt;br&gt;&lt;b&gt;PERHATIAN&lt;/b&gt;&lt;br&gt;1.Jika terjadi kesalahan dalam pembelian, pihak Skill Academy tidak melayani pengembalian dana (refund) dengan alasan apapun&lt;br&gt;2. Sebelum membeli, harap baca deskripsi program dengan saksama, khususnya jadwal pelatihan&lt;br&gt;3. Program pelatihan yang dibeli tidak dapat dipindahtangankan. Jika terjadi hal tersebut, pihak penyelenggara pelatihan berhak untuk tidak memberikan sertifikat&lt;br&gt;&lt;br&gt;&lt;b&gt;Cara Redeem Voucher:&lt;/b&gt;&lt;br&gt;1. Setelah selesai melakukan pembelian, kunjungi halaman \"Kelas Saya\" untuk melihat kode voucher Kamu, &lt;br&gt; 2. Isi data diri kamu pada form berikut: http://bit.ly/KelasLPKBinaDharma  &lt;br&gt; 3.Tim LPK Bina Dharma akan menghubungi Anda untuk pelaksanaan kelas",
                                            "courseName": "Membuat Desain Grafis Untuk Menjadi Perancang Grafis",
                                            "courseSerial": "PROG-PD86G4DA",
                                            "createdAt": "0001-01-01 00:00:00 +0000 UTC",
                                            "imageUrl": "https://skillacademy-prod.s3.ap-southeast-1.amazonaws.com/offline-marketplace/Background_BD_DG.jpg",
                                            "instructors": [
                                                {
                                                    "description": "Lembaga Pendidikan dan Pelatihan Kerja Bina Dharma didirikan pada tanggal 17 Desember 2003, membuka Pelatihan dan Kursus Teknologi Informasi dan Komunikasi bagi para pelajar, umum, karyawan, pegawai negeri serta swasta yang mengembangkan pembelajaran sistem blended learning, legalitas Lembaga Izin Badan Pelayanan Perizinan Terpadu Satu Pintu Dan Penanaman Modal Kab. Pringsewu Provinsi Lampung NIB. 8120116261773, NPSN. K5658390 (Kemdikbud) VIN. 1810181002 (Kemnaker)",
                                                    "jobTitle": "Pelatihan kursus komputer",
                                                    "name": "LPK Bina Dharma",
                                                    "profilePicture": "https://skillacademy-prod.s3.ap-southeast-1.amazonaws.com/offline-marketplace/Logo_LPK_BINA.png"
                                                }
                                            ],
                                            "introductionVideoThumbnailURL": "",
                                            "introductionVideoURL": "",
                                            "isSubscribed": false,
                                            "location": [
                                                "KOTA JAKARTA PUSAT"
                                            ],
                                            "marketType": "OFFLINE",
                                            "merchantSerial": "MERC-CK1AHTCU",
                                            "price": 900000,
                                            "rating": 0,
                                            "slug": "membuat-desain-grafis-untuk-menjadi-perancang-grafis",
                                            "tags": [],
                                            "totalRating": 0,
                                            "transactional": "TRANSACTIONABLE_YES",
                                            "updatedAt": "0001-01-01 00:00:00 +0000 UTC"
                                        },
                                        {
                                            "basePrice": 400000,
                                            "categories": [],
                                            "courseDescription": "Di kelas ini, kamu akan diberikan panduan dan resep lengkap untuk membuat Lapis Legit dari chef Chef Yongki Gunawan dan Chef Willy Tandra. Kue ini nikmat untuk keluarga dan juga tamu dalam acara-acara penting, sangat cocok dijadikan hantaran.  &lt;br&gt; Catatan: Pada kelas ini, kamu akan menonton dan mendapatkan akses video kursus online di situs Bakingworld.id. Kemudian, kamu akan mendapatkan mentoring langsung dari tim Baking World untuk mempelajari resep serta cara memulai usaha di bidang kuliner. \n&lt;br&gt; &lt;br&gt;\n&lt;b&gt; PERHATIAN &lt;/b&gt;\n&lt;br&gt;\n1. Jika terjadi kesalahan dalam pembelian, pihak Skill Academy tidak melayani pengembalian dana (refund) dengan alasan apapun &lt;br&gt;\n2. Sebelum membeli, harap baca deskripsi program dengan saksama, khususnya jadwal pelatihan &lt;br&gt;\n3. Program pelatihan yang dibeli menggunakan Kartu Prakerja tidak dapat dipindahtangankan. Jika terjadi hal tersebut, pihak penyelenggara pelatihan berhak untuk tidak memberikan sertifikat &lt;br&gt;\n4. Khusus untuk pengguna Kartu Prakerja, pastikan nama, alamat email, dan nomor HP yang terdaftar di Skill Academy sesuai dengan data Prakerja Anda",
                                            "courseName": "Membuat Lapis Legit Enak dan Siap Jual",
[...]
                                            "courseName": "Webinar: Menjadi Pembuat Game Pemula",
                                            "courseSerial": "PROG-H4N1OY52",
                                            "createdAt": "2020-05-20 13:19:15.608419 +0000 UTC",
                                            "imageUrl": "https://skillacademy-prod.s3.ap-southeast-1.amazonaws.com/offline-marketplace/ITECH_Background.jpg",
                                            "instructors": [
                                                {
                                                    "description": "ITECH adalah Lembaga Pelatihan Komputer dan Bisnis Digital, fokus pada pembelajaran berbasis Digital sejak Tahun 2010 di Kota Metro - Lampung, menjadi Juara 1 Nasional tahun 2019 sebagai Lembaga Kursus terbaik.  ITECH sudah melaksanakan kelas ONLINE sejak tahun 2018 melalui platform www.kursusdaring.kemendikbud.go.id, dengan jurusan DIGITAL Marketing, Youtuber, Game Developer, Android Programming.",
                                                    "jobTitle": "",
                                                    "name": "Indonesian Technology (ITech)",
                                                    "profilePicture": "https://skillacademy-prod.s3.ap-southeast-1.amazonaws.com/offline-marketplace/ITECH_icon.png"
                                                }
                                            ],
                                            "introductionVideoThumbnailURL": "https://skillacademy-prod.s3.ap-southeast-1.amazonaws.com/offline-marketplace/ITECH_small.jpg",
                                            "introductionVideoURL": "https://skillacademy-prod.s3.ap-southeast-1.amazonaws.com/offline-marketplace/ITECH_Large.jpg",
                                            "isSubscribed": false,
                                            "location": [
                                                "DKI JAKARTA",
                                                "KOTA JAKARTA PUSAT"
                                            ],
                                            "marketType": "OFFLINE",
                                            "merchantSerial": "MERC-WGL1QT6D",
                                            "price": 800000,
                                            "rating": 0,
                                            "slug": "webinar-menjadi-pembuat-game-pemula",
                                            "tags": [],
                                            "totalRating": 0,
                                            "transactional": "TRANSACTIONABLE_YES",
                                            "updatedAt": "2020-07-29 06:39:26.016629 +0000 UTC"
                                        },
                                        {
                                            "basePrice": 500000,
                                            "categories": [],
                                            "courseDescription": "Jadwal: Jumat, 14 Agustus 2020, 18.00-20.00 WIB&lt;br&gt;Durasi: 2 jam&lt;br&gt;Platform : Zoom&lt;br&gt;Selama 2 sesi kelas, siswa akan mendapatkan keterampilan: Prinsip Warna, pencampuran warna dan kombinasi warna, warna sesuai season&lt;br&gt;&lt;br&gt;&lt;b&gt;PERHATIAN&lt;/b&gt;&lt;br&gt;1. Jika terjadi kesalahan dalam pembelian, pihak Skill Academy tidak melayani pengembalian dana (refund) dengan alasan apapun,&lt;br&gt;2. Sebelum membeli, harap baca deskripsi program dengan saksama, khususnya jadwal pelatihan,&lt;br&gt;3. Program pelatihan yang dibeli menggunakan Kartu Prakerja tidak dapat dipindahtangankan. Jika terjadi hal tersebut, pihak penyelengara pelatihan berhak untuk tidak memberikan sertifikat,&lt;br&gt;4. Khusus untuk kamu pengguna Kartu Prakerja, pastikan nama, alamat email, dan nomor HP yang kamu daftarkan di Skill Academy sesuai dengan data Prakerja kamu.&lt;br&gt;&lt;br&gt;&lt;b&gt;Cara Redeem Voucher&lt;/b&gt;&lt;br&gt;1. Setelah selesai melakukan pembelian, kunjungi halaman \"Kelas Saya\" untuk melihat kode voucher Kamu,&lt;br&gt;2. Setelah melakukan transaksi, daftarkan diri Anda dan masukkan kode voucher di: http://tiny.cc/VoucherSFA&lt;br&gt;3. Tim Sparks Fashion Academy akan menghubungi Anda untuk pelaksanaan kelas.",
                                            "courseName": "Webinar: Memahami Skema Warna Pada Koleksi Fashion",
                                            "courseSerial": "PROG-P2H0TPYO",
                                            "createdAt": "2020-08-05 09:28:43.541901 +0000 UTC",
                                            "imageUrl": "https://skillacademy-prod.s3.ap-southeast-1.amazonaws.com/offline-marketplace/SFA_Background.jpg",
                                            "instructors": [
                                                {
                                                    "description": "Sparks Fashion Academy didirikan pada 2013 dengan visi memimpin pendidikan mode Indonesia dan kewirausahaan komplementer melalui program inovatif dan efektif untuk berkontribusi pada kemajuan industri fashion bangsa. Dengan misi ‘MENGUBAH FASHION MENJADI BISNIS,’ kami berdedikasi untuk memberdayakan orang Indonesia dengan memperlengkapi mereka dengan kewirausahaan mode program, keterampilan digital, dan inovasi berkelanjutan untuk membangun selanjutnya generasi fashionpreneur.",
                                                    "jobTitle": "",
                                                    "name": "Sparks Fashion Academy",
                                                    "profilePicture": "https://skillacademy-prod.s3.ap-southeast-1.amazonaws.com/offline-marketplace/SFA_Icon.png"
                                                }
                                            ],
                                            "introductionVideoThumbnailURL": "https://skillacademy-prod.s3.ap-southeast-1.amazonaws.com/offline-marketplace/SFA_Small.jpg",
                                            "introductionVideoURL": "https://skillacademy-prod.s3.ap-southeast-1.amazonaws.com/offline-marketplace/SFA_Large.jpg",
                                            "isSubscribed": false,
                                            "location": [
                                                "DKI JAKARTA",
                                                "KOTA JAKARTA SELATAN"
                                            ],
                                            "marketType": "OFFLINE",
                                            "merchantSerial": "MERC-GR4CL6NY",
                                            "price": 500000,
                                            "rating": 0,
                                            "slug": "webinar-memahami-skema-warna-pada-koleksi-fashion",
                                            "tags": [],
                                            "totalRating": 0,
                                            "transactional": "TRANSACTIONABLE_YES",
                                            "updatedAt": "2020-08-15 14:45:29.62045 +0000 UTC"
                                        },
                                        {
                                            "basePrice": 1000000,
                                            "categories": [],
                                            "courseDescription": "Jadwal kelas terdiri dari 5 sesi dengan topik yang berbeda&lt;br&gt;Hari/Tanggal: Senin, 21 September 2020 - Jumat, 25 September 2020&lt;br&gt;Pukul: 14.00 - 15.30 WIB&lt;br&gt;Platform: Zoom&lt;br&gt;Menjadi wirausaha tidak hanya bermodalkan tekad dan kerja keras, namun juga butuh ilmu dan metode yang berorientasi kepada kebutuhan market, dan cara kerja industri dalam dunia pangan. Kelas ini akan membuka wawasan baru untuk memulai sebuah bisnis pangan, meminimalisasi resiko kegagalan, berorientasi kepada market, dan mempercepat pertumbuhan bisnis secara signifikan. Kelas ini juga cocok untuk tim bisnis development sebuah perusahaan, wirausaha muda dan pemilik bisnis pangan yang mengalami stagnasi dalam pertumbuhan usahanya.&lt;br&gt;Kamu sudah punya ide bisnis yang sudah divalidasi? Sudah punya VPC (value proposition canvas)dan BMC (business model canvas/kerangka kerja yang membahas model bisnis)? Bisnis sudah mulai berjalan? Saatnya fokus kepada kegiatan marketing. Di kelas ini, kita akan belajar lebih dalam bagaimana memasarkan produk atau jasa kita lebih akurat dan efektif. Kamu akan belajar tentang memahami bagaimana cara kerja marketing, cara memilih target market/calon konsumen, cara menyusun pesan yang ingin kamu sampaikan ke market/calon konsumen, channel beriklan dan cara menangkap leads, dan konversi ke penjualan. &lt;br&gt;&lt;br&gt;Kelas ini terdiri dari beberapa course, yaitu : &lt;br&gt; 1)Memahami cara kerja marketing &lt;br&gt; 2)Bagaimana memilih target kita, menyusun pesan yang ingin kita sampaikan ke customer, dan memilih media pemasaran &lt;br&gt; 3)Bagaimana cara menangkap data customer &lt;br&gt; mengembangkannya, dan mengkonversikannya menjadi sales &lt;br&gt; 4)Cara membangun brand dan mengaktifkan customer menjadi agen penjualan&lt;br&gt;&lt;br&gt; &lt;b&gt; PERHATIAN &lt;/b&gt; &lt;br&gt; 1. Jika terjadi kesalahan dalam pembelian, pihak Skill Academy tidak melayani pengembalian dana (refund) dengan alasan apapun &lt;br&gt; 2. Sebelum membeli, harap baca deskripsi program dengan saksama, khususnya jadwal pelatihan &lt;br&gt; 3. Program pelatihan yang dibeli menggunakan Kartu Prakerja tidak dapat dipindahtangankan. Jika terjadi hal tersebut, pihak penyelenggara pelatihan berhak untuk tidak memberikan sertifikat &lt;br&gt; 4. Khusus untuk pengguna Kartu Prakerja, pastikan nama, alamat email, dan nomor HP yang terdaftar di Skill Academy sesuai dengan data Prakerja Anda. &lt;br&gt;&lt;br&gt; &lt;b&gt;Cara Redeem Voucher:&lt;/b&gt; &lt;br&gt; 1. Setelah selesai melakukan pembelian, kunjungi halaman \"Kelas Saya\" untuk melihat kode voucher kamu. &lt;br&gt; 2. Lalu setelah itu, daftarkan diri kamu dan masukkan kode voucher di form yang telah disediakan  &lt;br&gt; 3. Tim Accelerice akan menghubungi kamu untuk pelaksanaan kelas.",
                                            "courseName": "Webinar: Strategi Marketing untuk Staf Manajemen Bisnis Makanan",
                                            "courseSerial": "PROG-9KW5QEJ9",
                                            "createdAt": "2020-06-18 10:19:13.229392 +0000 UTC",
                                            "imageUrl": "https://skillacademy-prod.s3.ap-southeast-1.amazonaws.com/offline-marketplace/09_marketing_b_image.jpg",
                                            "instructors": [
                                                {
                                                    "description": "Accelerice merupakan akselerator makanan yang berbasis di Indonesia. Dikonseptualisasikan pada tahun 2018 untuk memberdayakan dan meningkatkan usaha kecil menengah dan merupakan inovasi pangan dan pusat pengetahuan pertama di Indonesia untuk calon pengusaha dan individu.",
                                                    "jobTitle": "",
                                                    "name": "Accelerice",
                                                    "profilePicture": "https://skillacademy-prod.s3.ap-southeast-1.amazonaws.com/offline-marketplace/10-Merchant_Logo.png"
                                                }
                                            ],
                                            "introductionVideoThumbnailURL": "https://skillacademy-prod.s3.ap-southeast-1.amazonaws.com/offline-marketplace/09_marketing_small_image.jpg",
                                            "introductionVideoURL": "https://skillacademy-prod.s3.ap-southeast-1.amazonaws.com/offline-marketplace/09_marketing_large_image.jpg",
                                            "isSubscribed": false,
                                            "location": [
                                                "DKI JAKARTA",
                                                "KOTA JAKARTA SELATAN"
                                            ],
                                            "marketType": "OFFLINE",
                                            "merchantSerial": "MERC-J8QNFF55",
                                            "price": 1000000,
                                            "rating": 0,
                                            "slug": "webinar-strategi-marketing-untuk-staf-manajemen-bisnis-makanan",
                                            "tags": [
                                                "TAG-PRAKERJA"
                                            ],
                                            "totalRating": 0,
                                            "transactional": "TRANSACTIONABLE_YES",
                                            "updatedAt": "2020-09-04 05:13:37.920526 +0000 UTC"
                                        },
                                        {
                                            "basePrice": 320000,
                                            "categories": [],
                                            "courseDescription": "Jadwal: 15 Oktober, 12 Oktober, 19 Oktober, dan 26 Oktober 2020&lt;br&gt;Waktu: 14.30-16.00 WIB&lt;br&gt;Durasi: 1.5 jam&lt;br&gt;Platform : Zoom/Google Meet (Perubahan akan diinformasikan selanjutnya)&lt;br&gt;Kelas ini mempelajari bagaimana menulis email dalam bahasa Inggris yang benar dan profesional sesuai kaedah bisnis Internasional&lt;br&gt;&lt;br&gt;&lt;b&gt;PERHATIAN&lt;/b&gt;&lt;br&gt;1. Jika terjadi kesalahan dalam pembelian, pihak Skill Academy tidak melayani pengembalian dana (refund) dengan alasan apapun,&lt;br&gt;2. Sebelum membeli, harap baca deskripsi program dengan saksama, khususnya jadwal pelatihan.&lt;br&gt;&lt;br&gt;&lt;/b&gt;Cara Redeem Voucher&lt;/b&gt;&lt;br&gt;1. Setelah selesai melakukan pembelian, kunjungi halaman \"Kelas Saya\" untuk melihat kode voucher,&lt;br&gt;2. Setelah melakukan transaksi, daftarkan diri Anda dan masukkan kode voucher di tiny.cc/VoucherPE&lt;br&gt;3. Tim Persona Excellencia akan menghubungi Anda untuk pelaksanaan kelas.",
                                            "courseName": "Webinar: Menulis Email dalam Bahasa Inggris secara Profesional",
                                            "courseSerial": "PROG-77J4E7OR",
                                            "createdAt": "2020-09-23 04:33:34.435474 +0000 UTC",
                                            "imageUrl": "https://skillacademy-prod.s3.ap-southeast-1.amazonaws.com/offline-marketplace/PE_Background.jpg",
                                            "instructors": [
                                                {
                                                    "description": "Persona Excellencia yang didirikan pada tahun 2009 ini bergerak di bidang pelatihan soft skills, khususnya pendidikan dan jasa pelatihan/training/workshop yang bersifat public maupun in-house.",
                                                    "jobTitle": "",
                                                    "name": "Persona Excellencia",
                                                    "profilePicture": "https://skillacademy-prod.s3.ap-southeast-1.amazonaws.com/offline-marketplace/PE_Logo.png"
                                                }
                                            ],
                                            "introductionVideoThumbnailURL": "https://skillacademy-prod.s3.ap-southeast-1.amazonaws.com/offline-marketplace/PE_Small.jpg",
                                            "introductionVideoURL": "https://skillacademy-prod.s3.ap-southeast-1.amazonaws.com/offline-marketplace/PE_Large.jpg",
                                            "isSubscribed": false,
                                            "location": [
                                                "DKI JAKARTA",
                                                "KOTA JAKARTA SELATAN"
                                            ],
                                            "marketType": "OFFLINE",
                                            "merchantSerial": "MERC-HEGSCYFE",
                                            "price": 320000,
                                            "rating": 0,
                                            "slug": "webinar-menulis-email-dalam-bahasa-inggris-secara-profesional",
                                            "tags": [],
                                            "totalRating": 0,
                                            "transactional": "TRANSACTIONABLE_YES",
                                            "updatedAt": "0001-01-01 00:00:00 +0000 UTC"
                                        }
                                    ]
                                },
                                "page": {
                                    "type": "integer",
                                    "default": 1
                                },
                                "pageSize": {
                                    "type": "integer",
                                    "default": 10
                                },
                                "recommendationID": {
                                    "type": "string",
                                    "default": ""
                                },
                                "searchAlgoID": {
                                    "type": "string",
                                    "default": ""
                                },
                                "totalCourse": {
                                    "type": "integer",
                                    "default": 519
                                },
                                "totalPage": {
                                    "type": "integer",
                                    "default": 52
                                }
                            },
                            "required": [
                                "data",
                                "page",
                                "pageSize",
                                "recommendationID",
                                "searchAlgoID",
                                "totalCourse",
                                "totalPage"
                            ]
                        },
                        "status": {
                            "type": "string",
                            "default": "success",
                            "enum": [
                                "success"
                            ]
                        },
                        "message": {
                            "type": "string",
                            "default": "success",
                            "enum": [
                                "success"
                            ]
                        }
                    },
                    "required": [
                        "data",
                        "message",
                        "status"
                    ]
                }
            }
        }
    }
}</msg>
<status status="PASS" starttime="20211130 11:57:34.324" endtime="20211130 11:57:34.491"/>
</kw>
<status status="PASS" starttime="20211130 11:57:34.012" endtime="20211130 11:57:34.494"/>
</test>
<status status="FAIL" starttime="20211130 11:57:29.909" endtime="20211130 11:57:34.495"/>
</suite>
<statistics>
<total>
<stat pass="6" fail="1" skip="0">All Tests</stat>
</total>
<tag>
</tag>
<suite>
<stat pass="6" fail="1" skip="0" id="s1" name="TestSearchAPI">TestSearchAPI</stat>
</suite>
</statistics>
<errors>
</errors>
</robot>
